0 verbose cli /usr/bin/node /usr/bin/npm
1 info using npm@8.11.0
2 info using node@v16.16.0
3 timing npm:load:whichnode Completed in 0ms
4 timing config:load:defaults Completed in 2ms
5 timing config:load:file:/usr/lib/node_modules/npm/npmrc Completed in 16ms
6 timing config:load:builtin Completed in 16ms
7 timing config:load:cli Completed in 8ms
8 timing config:load:env Completed in 1ms
9 timing config:load:file:/home/ubuntu/client/.npmrc Completed in 1ms
10 timing config:load:project Completed in 2ms
11 timing config:load:file:/home/ubuntu/.npmrc Completed in 0ms
12 timing config:load:user Completed in 0ms
13 timing config:load:file:/usr/etc/npmrc Completed in 0ms
14 timing config:load:global Completed in 0ms
15 timing config:load:validate Completed in 1ms
16 timing config:load:credentials Completed in 1ms
17 timing config:load:setEnvs Completed in 1ms
18 timing config:load Completed in 32ms
19 timing npm:load:configload Completed in 32ms
20 timing npm:load:mkdirpcache Completed in 1ms
21 timing npm:load:mkdirplogs Completed in 0ms
22 verbose title npm install @testing-library/jest-dom@^5.14.1 @testing-library/react@^13.0.0 @testing-library/user-event@^13.2.1 web-vitals@^2.1.0
23 verbose argv "install" "--no-audit" "--save" "@testing-library/jest-dom@^5.14.1" "@testing-library/react@^13.0.0" "@testing-library/user-event@^13.2.1" "web-vitals@^2.1.0"
24 timing npm:load:setTitle Completed in 2ms
25 timing config:load:flatten Completed in 3ms
26 timing npm:load:display Completed in 5ms
27 verbose logfile logs-max:10 dir:/home/ubuntu/.npm/_logs
28 verbose logfile /home/ubuntu/.npm/_logs/2022-07-20T13_03_55_519Z-debug-0.log
29 timing npm:load:logFile Completed in 11ms
30 timing npm:load:timers Completed in 0ms
31 timing npm:load:configScope Completed in 0ms
32 timing npm:load Completed in 54ms
33 timing arborist:ctor Completed in 1ms
34 silly logfile start cleaning logs, removing 1 files
35 silly logfile done cleaning log files
36 timing idealTree:init Completed in 1398ms
37 timing idealTree:userRequests Completed in 4ms
38 silly idealTree buildDeps
39 silly fetch manifest @testing-library/jest-dom@^5.14.1
40 timing arborist:ctor Completed in 1ms
41 http fetch GET 200 https://registry.npmjs.org/@testing-library%2fjest-dom 1198ms (cache miss)
42 silly fetch manifest @testing-library/react@^13.0.0
43 http fetch GET 200 https://registry.npmjs.org/@testing-library%2freact 72ms (cache miss)
44 silly fetch manifest react@^18.2.0
45 http fetch GET 200 https://registry.npmjs.org/react 22ms (cache hit)
46 silly fetch manifest react-dom@^18.2.0
47 http fetch GET 200 https://registry.npmjs.org/react-dom 74ms (cache hit)
48 silly fetch manifest @testing-library/user-event@^13.2.1
49 http fetch GET 200 https://registry.npmjs.org/@testing-library%2fuser-event 91ms (cache miss)
50 silly fetch manifest @testing-library/dom@>=7.21.4
51 http fetch GET 200 https://registry.npmjs.org/@testing-library%2fdom 121ms (cache miss)
52 silly fetch manifest web-vitals@^2.1.0
53 http fetch GET 200 https://registry.npmjs.org/web-vitals 51ms (cache miss)
54 silly placeDep ROOT @testing-library/jest-dom@5.16.4 OK for: client@0.1.0 want: ^5.14.1
55 silly placeDep ROOT @testing-library/react@13.3.0 OK for: client@0.1.0 want: ^13.0.0
56 silly placeDep ROOT @testing-library/user-event@13.5.0 OK for: client@0.1.0 want: ^13.2.1
57 silly placeDep ROOT @testing-library/dom@8.16.0 OK for: @testing-library/user-event@13.5.0 want: >=7.21.4
58 silly placeDep ROOT web-vitals@2.1.4 OK for: client@0.1.0 want: ^2.1.0
59 silly fetch manifest @types/testing-library__jest-dom@^5.9.1
60 silly fetch manifest aria-query@^5.0.0
61 silly fetch manifest chalk@^3.0.0
62 silly fetch manifest css@^3.0.0
63 silly fetch manifest css.escape@^1.5.1
64 silly fetch manifest dom-accessibility-api@^0.5.6
65 silly fetch manifest redent@^3.0.0
66 silly fetch manifest @types/react-dom@^18.0.0
67 silly fetch manifest @types/aria-query@^4.2.0
68 silly fetch manifest chalk@^4.1.0
69 silly fetch manifest dom-accessibility-api@^0.5.9
70 silly fetch manifest lz-string@^1.4.4
71 http fetch GET 200 https://registry.npmjs.org/chalk 36ms (cache hit)
72 http fetch GET 200 https://registry.npmjs.org/chalk 34ms (cache hit)
73 http fetch GET 200 https://registry.npmjs.org/aria-query 39ms (cache hit)
74 http fetch GET 200 https://registry.npmjs.org/@types%2ftesting-library__jest-dom 67ms (cache miss)
75 http fetch GET 200 https://registry.npmjs.org/css 104ms (cache miss)
76 http fetch GET 200 https://registry.npmjs.org/redent 116ms (cache miss)
77 http fetch GET 200 https://registry.npmjs.org/lz-string 114ms (cache miss)
78 http fetch GET 200 https://registry.npmjs.org/css.escape 119ms (cache miss)
79 http fetch GET 200 https://registry.npmjs.org/@types%2faria-query 125ms (cache miss)
80 http fetch GET 200 https://registry.npmjs.org/dom-accessibility-api 132ms (cache miss)
81 http fetch GET 200 https://registry.npmjs.org/dom-accessibility-api 137ms (cache miss)
82 http fetch GET 200 https://registry.npmjs.org/@types%2freact-dom 138ms (cache miss)
83 timing idealTree:#root Completed in 1830ms
84 silly placeDep ROOT @types/aria-query@4.2.2 OK for: @testing-library/dom@8.16.0 want: ^4.2.0
85 silly placeDep node_modules/@testing-library/dom aria-query@5.0.0 OK for: @testing-library/dom@8.16.0 want: ^5.0.0
86 silly placeDep node_modules/@testing-library/dom chalk@4.1.2 OK for: @testing-library/dom@8.16.0 want: ^4.1.0
87 silly placeDep ROOT dom-accessibility-api@0.5.14 OK for: @testing-library/dom@8.16.0 want: ^0.5.9
88 silly placeDep ROOT lz-string@1.4.4 OK for: @testing-library/dom@8.16.0 want: ^1.4.4
89 silly fetch manifest ansi-styles@^4.1.0
90 silly fetch manifest supports-color@^7.1.0
91 http fetch GET 200 https://registry.npmjs.org/ansi-styles 9ms (cache hit)
92 http fetch GET 200 https://registry.npmjs.org/supports-color 9ms (cache hit)
93 timing idealTree:node_modules/@testing-library/dom Completed in 20ms
94 silly placeDep ROOT @types/testing-library__jest-dom@5.14.5 OK for: @testing-library/jest-dom@5.16.4 want: ^5.9.1
95 silly placeDep node_modules/@testing-library/jest-dom aria-query@5.0.0 OK for: @testing-library/jest-dom@5.16.4 want: ^5.0.0
96 silly placeDep node_modules/@testing-library/jest-dom chalk@3.0.0 OK for: @testing-library/jest-dom@5.16.4 want: ^3.0.0
97 silly placeDep ROOT css@3.0.0 OK for: @testing-library/jest-dom@5.16.4 want: ^3.0.0
98 silly placeDep ROOT css.escape@1.5.1 OK for: @testing-library/jest-dom@5.16.4 want: ^1.5.1
99 silly placeDep ROOT redent@3.0.0 OK for: @testing-library/jest-dom@5.16.4 want: ^3.0.0
100 silly fetch manifest @types/jest@*
101 silly fetch manifest source-map@^0.6.1
102 silly fetch manifest source-map-resolve@^0.6.0
103 silly fetch manifest indent-string@^4.0.0
104 silly fetch manifest strip-indent@^3.0.0
105 http fetch GET 200 https://registry.npmjs.org/source-map 15ms (cache hit)
106 http fetch GET 200 https://registry.npmjs.org/indent-string 86ms (cache miss)
107 http fetch GET 200 https://registry.npmjs.org/strip-indent 93ms (cache miss)
108 http fetch GET 200 https://registry.npmjs.org/source-map-resolve 123ms (cache miss)
109 http fetch GET 200 https://registry.npmjs.org/@types%2fjest 129ms (cache miss)
110 timing idealTree:node_modules/@testing-library/jest-dom Completed in 141ms
111 silly placeDep ROOT @types/react-dom@18.0.6 OK for: @testing-library/react@13.3.0 want: ^18.0.0
112 silly fetch manifest @types/react@*
113 http fetch GET 200 https://registry.npmjs.org/@types%2freact 74ms (cache miss)
114 timing idealTree:node_modules/@testing-library/react Completed in 78ms
115 timing idealTree:node_modules/@testing-library/user-event Completed in 0ms
116 timing idealTree:node_modules/@types/aria-query Completed in 0ms
117 silly placeDep ROOT @types/react@18.0.15 OK for: @types/react-dom@18.0.6 want: *
118 silly fetch manifest @types/prop-types@*
119 silly fetch manifest @types/scheduler@*
120 silly fetch manifest csstype@^3.0.2
121 http fetch GET 200 https://registry.npmjs.org/@types%2fscheduler 45ms (cache miss)
122 http fetch GET 200 https://registry.npmjs.org/@types%2fprop-types 57ms (cache miss)
123 http fetch GET 200 https://registry.npmjs.org/csstype 57ms (cache miss)
124 timing idealTree:node_modules/@types/react-dom Completed in 62ms
125 silly placeDep ROOT @types/prop-types@15.7.5 OK for: @types/react@18.0.15 want: *
126 silly placeDep ROOT @types/scheduler@0.16.2 OK for: @types/react@18.0.15 want: *
127 silly placeDep ROOT csstype@3.1.0 OK for: @types/react@18.0.15 want: ^3.0.2
128 timing idealTree:node_modules/@types/react Completed in 5ms
129 timing idealTree:node_modules/@types/prop-types Completed in 0ms
130 timing idealTree:node_modules/@types/scheduler Completed in 0ms
131 silly placeDep ROOT @types/jest@28.1.6 OK for: @types/testing-library__jest-dom@5.14.5 want: *
132 silly fetch manifest jest-matcher-utils@^28.0.0
133 silly fetch manifest pretty-format@^28.0.0
134 http fetch GET 200 https://registry.npmjs.org/jest-matcher-utils 12ms (cache hit)
135 http fetch GET 200 https://registry.npmjs.org/pretty-format 16ms (cache hit)
136 timing idealTree:node_modules/@types/testing-library__jest-dom Completed in 21ms
137 silly placeDep node_modules/@types/jest jest-matcher-utils@28.1.3 OK for: @types/jest@28.1.6 want: ^28.0.0
138 silly placeDep node_modules/@types/jest pretty-format@28.1.3 OK for: @types/jest@28.1.6 want: ^28.0.0
139 silly fetch manifest chalk@^4.0.0
140 silly fetch manifest jest-diff@^28.1.3
141 silly fetch manifest jest-get-type@^28.0.2
142 silly fetch manifest ansi-styles@^5.0.0
143 silly fetch manifest react-is@^18.0.0
144 http fetch GET 200 https://registry.npmjs.org/jest-get-type 15ms (cache hit)
145 http fetch GET 200 https://registry.npmjs.org/jest-diff 18ms (cache hit)
146 http fetch GET 200 https://registry.npmjs.org/react-is 21ms (cache hit)
147 timing idealTree:node_modules/@types/jest Completed in 32ms
148 silly placeDep node_modules/css source-map@0.6.1 OK for: css@3.0.0 want: ^0.6.1
149 silly placeDep ROOT source-map-resolve@0.6.0 OK for: css@3.0.0 want: ^0.6.0
150 silly fetch manifest atob@^2.1.2
151 silly fetch manifest decode-uri-component@^0.2.0
152 http fetch GET 200 https://registry.npmjs.org/decode-uri-component 52ms (cache miss)
153 http fetch GET 200 https://registry.npmjs.org/atob 75ms (cache miss)
154 timing idealTree:node_modules/css Completed in 82ms
155 timing idealTree:node_modules/css.escape Completed in 0ms
156 timing idealTree:node_modules/csstype Completed in 0ms
157 timing idealTree:node_modules/dom-accessibility-api Completed in 0ms
158 timing idealTree:node_modules/lz-string Completed in 1ms
159 silly placeDep ROOT indent-string@4.0.0 OK for: redent@3.0.0 want: ^4.0.0
160 silly placeDep ROOT strip-indent@3.0.0 OK for: redent@3.0.0 want: ^3.0.0
161 silly fetch manifest min-indent@^1.0.0
162 http fetch GET 200 https://registry.npmjs.org/min-indent 46ms (cache miss)
163 timing idealTree:node_modules/redent Completed in 49ms
164 timing idealTree:node_modules/indent-string Completed in 0ms
165 silly placeDep ROOT atob@2.1.2 OK for: source-map-resolve@0.6.0 want: ^2.1.2
166 silly placeDep ROOT decode-uri-component@0.2.0 OK for: source-map-resolve@0.6.0 want: ^0.2.0
167 timing idealTree:node_modules/source-map-resolve Completed in 3ms
168 timing idealTree:node_modules/atob Completed in 0ms
169 timing idealTree:node_modules/decode-uri-component Completed in 0ms
170 silly placeDep ROOT min-indent@1.0.1 OK for: strip-indent@3.0.0 want: ^1.0.0
171 timing idealTree:node_modules/strip-indent Completed in 1ms
172 timing idealTree:node_modules/min-indent Completed in 0ms
173 timing idealTree:node_modules/web-vitals Completed in 0ms
174 timing idealTree:node_modules/@testing-library/dom/node_modules/aria-query Completed in 0ms
175 silly placeDep node_modules/@testing-library/dom ansi-styles@4.3.0 OK for: chalk@4.1.2 want: ^4.1.0
176 silly placeDep node_modules/@testing-library/dom supports-color@7.2.0 OK for: chalk@4.1.2 want: ^7.1.0
177 silly fetch manifest color-convert@^2.0.1
178 silly fetch manifest has-flag@^4.0.0
179 http fetch GET 200 https://registry.npmjs.org/has-flag 8ms (cache hit)
180 http fetch GET 200 https://registry.npmjs.org/color-convert 9ms (cache hit)
181 timing idealTree:node_modules/@testing-library/dom/node_modules/chalk Completed in 15ms
182 silly placeDep node_modules/@testing-library/dom color-convert@2.0.1 OK for: ansi-styles@4.3.0 want: ^2.0.1
183 silly fetch manifest color-name@~1.1.4
184 http fetch GET 200 https://registry.npmjs.org/color-name 4ms (cache hit)
185 timing idealTree:node_modules/@testing-library/dom/node_modules/ansi-styles Completed in 7ms
186 silly placeDep node_modules/@testing-library/dom color-name@1.1.4 OK for: color-convert@2.0.1 want: ~1.1.4
187 timing idealTree:node_modules/@testing-library/dom/node_modules/color-convert Completed in 1ms
188 timing idealTree:node_modules/@testing-library/dom/node_modules/color-name Completed in 0ms
189 silly placeDep node_modules/@testing-library/dom has-flag@4.0.0 OK for: supports-color@7.2.0 want: ^4.0.0
190 timing idealTree:node_modules/@testing-library/dom/node_modules/supports-color Completed in 2ms
191 timing idealTree:node_modules/@testing-library/dom/node_modules/has-flag Completed in 0ms
192 timing idealTree:node_modules/@testing-library/jest-dom/node_modules/aria-query Completed in 0ms
193 silly placeDep node_modules/@testing-library/jest-dom ansi-styles@4.3.0 OK for: chalk@3.0.0 want: ^4.1.0
194 silly placeDep node_modules/@testing-library/jest-dom supports-color@7.2.0 OK for: chalk@3.0.0 want: ^7.1.0
195 timing idealTree:node_modules/@testing-library/jest-dom/node_modules/chalk Completed in 3ms
196 silly placeDep node_modules/@testing-library/jest-dom color-convert@2.0.1 OK for: ansi-styles@4.3.0 want: ^2.0.1
197 timing idealTree:node_modules/@testing-library/jest-dom/node_modules/ansi-styles Completed in 1ms
198 silly placeDep node_modules/@testing-library/jest-dom color-name@1.1.4 OK for: color-convert@2.0.1 want: ~1.1.4
199 timing idealTree:node_modules/@testing-library/jest-dom/node_modules/color-convert Completed in 1ms
200 timing idealTree:node_modules/@testing-library/jest-dom/node_modules/color-name Completed in 0ms
201 silly placeDep node_modules/@testing-library/jest-dom has-flag@4.0.0 OK for: supports-color@7.2.0 want: ^4.0.0
202 timing idealTree:node_modules/@testing-library/jest-dom/node_modules/supports-color Completed in 1ms
203 timing idealTree:node_modules/@testing-library/jest-dom/node_modules/has-flag Completed in 0ms
204 silly placeDep node_modules/@types/jest chalk@4.1.2 OK for: jest-matcher-utils@28.1.3 want: ^4.0.0
205 silly placeDep node_modules/@types/jest jest-diff@28.1.3 OK for: jest-matcher-utils@28.1.3 want: ^28.1.3
206 silly placeDep node_modules/@types/jest jest-get-type@28.0.2 OK for: jest-matcher-utils@28.1.3 want: ^28.0.2
207 silly fetch manifest diff-sequences@^28.1.1
208 http fetch GET 200 https://registry.npmjs.org/diff-sequences 8ms (cache hit)
209 timing idealTree:node_modules/@types/jest/node_modules/jest-matcher-utils Completed in 13ms
210 silly placeDep node_modules/@types/jest ansi-styles@4.3.0 OK for: chalk@4.1.2 want: ^4.1.0
211 silly placeDep node_modules/@types/jest supports-color@7.2.0 OK for: chalk@4.1.2 want: ^7.1.0
212 timing idealTree:node_modules/@types/jest/node_modules/chalk Completed in 3ms
213 silly placeDep node_modules/@types/jest color-convert@2.0.1 OK for: ansi-styles@4.3.0 want: ^2.0.1
214 timing idealTree:node_modules/@types/jest/node_modules/ansi-styles Completed in 7ms
215 silly placeDep node_modules/@types/jest color-name@1.1.4 OK for: color-convert@2.0.1 want: ~1.1.4
216 timing idealTree:node_modules/@types/jest/node_modules/color-convert Completed in 1ms
217 timing idealTree:node_modules/@types/jest/node_modules/color-name Completed in 0ms
218 silly placeDep node_modules/@types/jest diff-sequences@28.1.1 OK for: jest-diff@28.1.3 want: ^28.1.1
219 timing idealTree:node_modules/@types/jest/node_modules/jest-diff Completed in 1ms
220 timing idealTree:node_modules/@types/jest/node_modules/diff-sequences Completed in 0ms
221 timing idealTree:node_modules/@types/jest/node_modules/jest-get-type Completed in 0ms
222 silly placeDep node_modules/@types/jest/node_modules/pretty-format ansi-styles@5.2.0 OK for: pretty-format@28.1.3 want: ^5.0.0
223 silly placeDep node_modules/@types/jest react-is@18.2.0 OK for: pretty-format@28.1.3 want: ^18.0.0
224 timing idealTree:node_modules/@types/jest/node_modules/pretty-format Completed in 3ms
225 timing idealTree:node_modules/@types/jest/node_modules/react-is Completed in 0ms
226 silly placeDep node_modules/@types/jest has-flag@4.0.0 OK for: supports-color@7.2.0 want: ^4.0.0
227 timing idealTree:node_modules/@types/jest/node_modules/supports-color Completed in 2ms
228 timing idealTree:node_modules/@types/jest/node_modules/has-flag Completed in 0ms
229 timing idealTree:node_modules/css/node_modules/source-map Completed in 0ms
230 timing idealTree:node_modules/@types/jest/node_modules/pretty-format/node_modules/ansi-styles Completed in 0ms
231 timing idealTree:buildDeps Completed in 2405ms
232 timing idealTree:fixDepFlags Completed in 39ms
233 timing idealTree Completed in 3882ms
234 timing reify:loadTrees Completed in 3883ms
235 timing reify:diffTrees Completed in 46ms
236 silly reify moves {}
237 timing reify:retireShallow Completed in 2ms
238 timing reify:createSparse Completed in 16ms
239 timing reify:loadBundles Completed in 0ms
240 verbose reify failed optional dependency /home/ubuntu/client/node_modules/fsevents
241 silly reify mark deleted [ '/home/ubuntu/client/node_modules/fsevents' ]
242 timing reifyNode:node_modules/fsevents Completed in 10ms
243 silly tarball no local data for min-indent@https://registry.npmjs.org/min-indent/-/min-indent-1.0.1.tgz. Extracting by manifest.
244 silly tarball no local data for decode-uri-component@https://registry.npmjs.org/decode-uri-component/-/decode-uri-component-0.2.0.tgz. Extracting by manifest.
245 silly tarball no local data for atob@https://registry.npmjs.org/atob/-/atob-2.1.2.tgz. Extracting by manifest.
246 silly tarball no local data for strip-indent@https://registry.npmjs.org/strip-indent/-/strip-indent-3.0.0.tgz. Extracting by manifest.
247 silly tarball no local data for indent-string@https://registry.npmjs.org/indent-string/-/indent-string-4.0.0.tgz. Extracting by manifest.
248 silly tarball no local data for source-map-resolve@https://registry.npmjs.org/source-map-resolve/-/source-map-resolve-0.6.0.tgz. Extracting by manifest.
249 silly tarball no local data for @types/jest@https://registry.npmjs.org/@types/jest/-/jest-28.1.6.tgz. Extracting by manifest.
250 silly tarball no local data for csstype@https://registry.npmjs.org/csstype/-/csstype-3.1.0.tgz. Extracting by manifest.
251 silly tarball no local data for @types/scheduler@https://registry.npmjs.org/@types/scheduler/-/scheduler-0.16.2.tgz. Extracting by manifest.
252 silly tarball no local data for @types/react@https://registry.npmjs.org/@types/react/-/react-18.0.15.tgz. Extracting by manifest.
253 silly tarball no local data for @types/react-dom@https://registry.npmjs.org/@types/react-dom/-/react-dom-18.0.6.tgz. Extracting by manifest.
254 silly tarball no local data for @types/prop-types@https://registry.npmjs.org/@types/prop-types/-/prop-types-15.7.5.tgz. Extracting by manifest.
255 silly tarball no local data for redent@https://registry.npmjs.org/redent/-/redent-3.0.0.tgz. Extracting by manifest.
256 silly tarball no local data for css.escape@https://registry.npmjs.org/css.escape/-/css.escape-1.5.1.tgz. Extracting by manifest.
257 silly tarball no local data for css@https://registry.npmjs.org/css/-/css-3.0.0.tgz. Extracting by manifest.
258 silly tarball no local data for @types/testing-library__jest-dom@https://registry.npmjs.org/@types/testing-library__jest-dom/-/testing-library__jest-dom-5.14.5.tgz. Extracting by manifest.
259 silly tarball no local data for lz-string@https://registry.npmjs.org/lz-string/-/lz-string-1.4.4.tgz. Extracting by manifest.
260 silly tarball no local data for dom-accessibility-api@https://registry.npmjs.org/dom-accessibility-api/-/dom-accessibility-api-0.5.14.tgz. Extracting by manifest.
261 silly tarball no local data for @types/aria-query@https://registry.npmjs.org/@types/aria-query/-/aria-query-4.2.2.tgz. Extracting by manifest.
262 silly tarball no local data for web-vitals@https://registry.npmjs.org/web-vitals/-/web-vitals-2.1.4.tgz. Extracting by manifest.
263 silly tarball no local data for @testing-library/dom@https://registry.npmjs.org/@testing-library/dom/-/dom-8.16.0.tgz. Extracting by manifest.
264 silly tarball no local data for @testing-library/user-event@https://registry.npmjs.org/@testing-library/user-event/-/user-event-13.5.0.tgz. Extracting by manifest.
265 silly tarball no local data for @testing-library/react@https://registry.npmjs.org/@testing-library/react/-/react-13.3.0.tgz. Extracting by manifest.
266 silly tarball no local data for @testing-library/jest-dom@https://registry.npmjs.org/@testing-library/jest-dom/-/jest-dom-5.16.4.tgz. Extracting by manifest.
267 silly tarball no local data for diff-sequences@https://registry.npmjs.org/diff-sequences/-/diff-sequences-28.1.1.tgz. Extracting by manifest.
268 silly tarball no local data for jest-get-type@https://registry.npmjs.org/jest-get-type/-/jest-get-type-28.0.2.tgz. Extracting by manifest.
269 silly tarball no local data for jest-diff@https://registry.npmjs.org/jest-diff/-/jest-diff-28.1.3.tgz. Extracting by manifest.
270 silly tarball no local data for jest-matcher-utils@https://registry.npmjs.org/jest-matcher-utils/-/jest-matcher-utils-28.1.3.tgz. Extracting by manifest.
271 silly tarball no local data for aria-query@https://registry.npmjs.org/aria-query/-/aria-query-5.0.0.tgz. Extracting by manifest.
272 silly tarball no local data for chalk@https://registry.npmjs.org/chalk/-/chalk-3.0.0.tgz. Extracting by manifest.
273 silly tarball no local data for aria-query@https://registry.npmjs.org/aria-query/-/aria-query-5.0.0.tgz. Extracting by manifest.
274 timing reifyNode:node_modules/@types/jest/node_modules/color-name Completed in 849ms
275 timing reifyNode:node_modules/@testing-library/dom/node_modules/color-name Completed in 848ms
276 timing reifyNode:node_modules/@testing-library/jest-dom/node_modules/color-name Completed in 849ms
277 timing reifyNode:node_modules/@types/jest/node_modules/has-flag Completed in 861ms
278 timing reifyNode:node_modules/@types/jest/node_modules/supports-color Completed in 862ms
279 timing reifyNode:node_modules/@testing-library/dom/node_modules/has-flag Completed in 860ms
280 timing reifyNode:node_modules/@testing-library/dom/node_modules/supports-color Completed in 860ms
281 timing reifyNode:node_modules/@testing-library/jest-dom/node_modules/has-flag Completed in 861ms
282 timing reifyNode:node_modules/@testing-library/jest-dom/node_modules/supports-color Completed in 860ms
283 timing reifyNode:node_modules/@types/jest/node_modules/pretty-format/node_modules/ansi-styles Completed in 870ms
284 timing reifyNode:node_modules/@types/jest/node_modules/ansi-styles Completed in 871ms
285 timing reifyNode:node_modules/@testing-library/dom/node_modules/ansi-styles Completed in 870ms
286 timing reifyNode:node_modules/@testing-library/jest-dom/node_modules/ansi-styles Completed in 870ms
287 timing reifyNode:node_modules/@types/jest/node_modules/color-convert Completed in 907ms
288 timing reifyNode:node_modules/@testing-library/dom/node_modules/color-convert Completed in 906ms
289 timing reifyNode:node_modules/@testing-library/jest-dom/node_modules/color-convert Completed in 905ms
290 timing reifyNode:node_modules/@types/jest/node_modules/chalk Completed in 921ms
291 timing reifyNode:node_modules/@testing-library/dom/node_modules/chalk Completed in 920ms
292 timing reifyNode:node_modules/@types/jest/node_modules/react-is Completed in 928ms
293 http fetch GET 200 https://registry.npmjs.org/min-indent/-/min-indent-1.0.1.tgz 898ms (cache miss)
294 timing reifyNode:node_modules/min-indent Completed in 943ms
295 http fetch GET 200 https://registry.npmjs.org/decode-uri-component/-/decode-uri-component-0.2.0.tgz 897ms (cache miss)
296 timing reifyNode:node_modules/decode-uri-component Completed in 949ms
297 http fetch GET 200 https://registry.npmjs.org/strip-indent/-/strip-indent-3.0.0.tgz 889ms (cache miss)
298 timing reifyNode:node_modules/strip-indent Completed in 954ms
299 http fetch GET 200 https://registry.npmjs.org/@types/scheduler/-/scheduler-0.16.2.tgz 784ms (cache miss)
300 timing reifyNode:node_modules/@types/scheduler Completed in 958ms
301 http fetch GET 200 https://registry.npmjs.org/indent-string/-/indent-string-4.0.0.tgz 902ms (cache miss)
302 timing reifyNode:node_modules/indent-string Completed in 972ms
303 http fetch GET 200 https://registry.npmjs.org/redent/-/redent-3.0.0.tgz 876ms (cache miss)
304 timing reifyNode:node_modules/redent Completed in 1074ms
305 http fetch GET 200 https://registry.npmjs.org/css.escape/-/css.escape-1.5.1.tgz 881ms (cache miss)
306 timing reifyNode:node_modules/css.escape Completed in 1084ms
307 http fetch GET 200 https://registry.npmjs.org/@types/prop-types/-/prop-types-15.7.5.tgz 899ms (cache miss)
308 timing reifyNode:node_modules/@types/prop-types Completed in 1090ms
309 http fetch GET 200 https://registry.npmjs.org/jest-get-type/-/jest-get-type-28.0.2.tgz 733ms (cache miss)
310 timing reifyNode:node_modules/@types/jest/node_modules/jest-get-type Completed in 1097ms
311 http fetch GET 200 https://registry.npmjs.org/diff-sequences/-/diff-sequences-28.1.1.tgz 747ms (cache miss)
312 timing reifyNode:node_modules/@types/jest/node_modules/diff-sequences Completed in 1108ms
313 http fetch GET 200 https://registry.npmjs.org/source-map-resolve/-/source-map-resolve-0.6.0.tgz 1010ms (cache miss)
314 warn deprecated source-map-resolve@0.6.0: See https://github.com/lydell/source-map-resolve#deprecated
315 timing reifyNode:node_modules/source-map-resolve Completed in 1117ms
316 http fetch GET 200 https://registry.npmjs.org/@types/aria-query/-/aria-query-4.2.2.tgz 890ms (cache miss)
317 timing reifyNode:node_modules/@types/aria-query Completed in 1123ms
318 http fetch GET 200 https://registry.npmjs.org/@types/testing-library__jest-dom/-/testing-library__jest-dom-5.14.5.tgz 919ms (cache miss)
319 timing reifyNode:node_modules/@types/testing-library__jest-dom Completed in 1131ms
320 http fetch GET 200 https://registry.npmjs.org/jest-matcher-utils/-/jest-matcher-utils-28.1.3.tgz 776ms (cache miss)
321 timing reifyNode:node_modules/@types/jest/node_modules/jest-matcher-utils Completed in 1153ms
322 http fetch GET 200 https://registry.npmjs.org/css/-/css-3.0.0.tgz 953ms (cache miss)
323 http fetch GET 200 https://registry.npmjs.org/jest-diff/-/jest-diff-28.1.3.tgz 797ms (cache miss)
324 http fetch GET 200 https://registry.npmjs.org/atob/-/atob-2.1.2.tgz 1121ms (cache miss)
325 timing reifyNode:node_modules/atob Completed in 1180ms
326 http fetch GET 200 https://registry.npmjs.org/@types/jest/-/jest-28.1.6.tgz 1022ms (cache miss)
327 timing reifyNode:node_modules/@types/jest Completed in 1185ms
328 timing reifyNode:node_modules/css Completed in 1184ms
329 http fetch GET 200 https://registry.npmjs.org/@types/react-dom/-/react-dom-18.0.6.tgz 1006ms (cache miss)
330 timing reifyNode:node_modules/@types/react-dom Completed in 1192ms
331 timing reifyNode:node_modules/@types/jest/node_modules/jest-diff Completed in 1231ms
332 timing reifyNode:node_modules/@types/jest/node_modules/pretty-format Completed in 1233ms
333 http fetch GET 200 https://registry.npmjs.org/chalk/-/chalk-3.0.0.tgz 900ms (cache miss)
334 timing reifyNode:node_modules/@testing-library/jest-dom/node_modules/chalk Completed in 1291ms
335 http fetch GET 200 https://registry.npmjs.org/@types/react/-/react-18.0.15.tgz 1161ms (cache miss)
336 timing reifyNode:node_modules/@types/react Completed in 1340ms
337 http fetch GET 200 https://registry.npmjs.org/lz-string/-/lz-string-1.4.4.tgz 1165ms (cache miss)
338 timing reifyNode:node_modules/lz-string Completed in 1385ms
339 http fetch GET 200 https://registry.npmjs.org/@testing-library/jest-dom/-/jest-dom-5.16.4.tgz 1084ms (cache miss)
340 timing reifyNode:node_modules/@testing-library/jest-dom Completed in 1432ms
341 timing reifyNode:node_modules/css/node_modules/source-map Completed in 1437ms
342 http fetch GET 200 https://registry.npmjs.org/web-vitals/-/web-vitals-2.1.4.tgz 1257ms (cache miss)
343 timing reifyNode:node_modules/web-vitals Completed in 1503ms
344 http fetch GET 200 https://registry.npmjs.org/csstype/-/csstype-3.1.0.tgz 1370ms (cache miss)
345 timing reifyNode:node_modules/csstype Completed in 1537ms
346 http fetch GET 200 https://registry.npmjs.org/dom-accessibility-api/-/dom-accessibility-api-0.5.14.tgz 1335ms (cache miss)
347 timing reifyNode:node_modules/dom-accessibility-api Completed in 1562ms
348 http fetch GET 200 https://registry.npmjs.org/@testing-library/user-event/-/user-event-13.5.0.tgz 1430ms (cache miss)
349 timing reifyNode:node_modules/@testing-library/user-event Completed in 1713ms
350 http fetch GET 200 https://registry.npmjs.org/@testing-library/dom/-/dom-8.16.0.tgz 1553ms (cache miss)
351 timing reifyNode:node_modules/@testing-library/dom Completed in 1799ms
352 http fetch GET 200 https://registry.npmjs.org/aria-query/-/aria-query-5.0.0.tgz 1447ms (cache miss)
353 timing reifyNode:node_modules/@testing-library/jest-dom/node_modules/aria-query Completed in 1847ms
354 http fetch GET 200 https://registry.npmjs.org/aria-query/-/aria-query-5.0.0.tgz 1490ms (cache miss)
355 timing reifyNode:node_modules/@testing-library/dom/node_modules/aria-query Completed in 1874ms
356 http fetch GET 200 https://registry.npmjs.org/@testing-library/react/-/react-13.3.0.tgz 1543ms (cache miss)
357 timing reifyNode:node_modules/@testing-library/react Completed in 1887ms
358 timing reify:unpack Completed in 1890ms
359 timing reify:unretire Completed in 1ms
360 timing build:queue Completed in 3ms
361 timing build:link:node_modules/atob Completed in 2ms
362 timing build:link:node_modules/lz-string Completed in 2ms
363 timing build:link Completed in 2ms
364 timing build:deps Completed in 6ms
365 timing build Completed in 6ms
366 timing reify:build Completed in 7ms
367 timing reify:trash Completed in 3ms
368 timing reify:save Completed in 544ms
369 timing reify Completed in 6636ms
370 silly ADD node_modules/min-indent
371 silly ADD node_modules/decode-uri-component
372 silly ADD node_modules/atob
373 silly ADD node_modules/strip-indent
374 silly ADD node_modules/indent-string
375 silly ADD node_modules/source-map-resolve
376 silly ADD node_modules/@types/jest
377 silly ADD node_modules/@types/jest/node_modules/has-flag
378 silly ADD node_modules/@types/jest/node_modules/react-is
379 silly ADD node_modules/@types/jest/node_modules/diff-sequences
380 silly ADD node_modules/@types/jest/node_modules/color-name
381 silly ADD node_modules/@types/jest/node_modules/color-convert
382 silly ADD node_modules/@types/jest/node_modules/supports-color
383 silly ADD node_modules/@types/jest/node_modules/ansi-styles
384 silly ADD node_modules/@types/jest/node_modules/jest-get-type
385 silly ADD node_modules/@types/jest/node_modules/jest-diff
386 silly ADD node_modules/@types/jest/node_modules/chalk
387 silly ADD node_modules/@types/jest/node_modules/pretty-format
388 silly ADD node_modules/@types/jest/node_modules/pretty-format/node_modules/ansi-styles
389 silly ADD node_modules/@types/jest/node_modules/jest-matcher-utils
390 silly ADD node_modules/csstype
391 silly ADD node_modules/@types/scheduler
392 silly ADD node_modules/@types/prop-types
393 silly ADD node_modules/@types/react
394 silly ADD node_modules/@types/react-dom
395 silly ADD node_modules/redent
396 silly ADD node_modules/css.escape
397 silly ADD node_modules/css
398 silly ADD node_modules/css/node_modules/source-map
399 silly ADD node_modules/@types/testing-library__jest-dom
400 silly ADD node_modules/lz-string
401 silly ADD node_modules/dom-accessibility-api
402 silly ADD node_modules/@types/aria-query
403 silly ADD node_modules/web-vitals
404 silly ADD node_modules/@testing-library/dom
405 silly ADD node_modules/@testing-library/dom/node_modules/has-flag
406 silly ADD node_modules/@testing-library/dom/node_modules/color-name
407 silly ADD node_modules/@testing-library/dom/node_modules/color-convert
408 silly ADD node_modules/@testing-library/dom/node_modules/supports-color
409 silly ADD node_modules/@testing-library/dom/node_modules/ansi-styles
410 silly ADD node_modules/@testing-library/dom/node_modules/chalk
411 silly ADD node_modules/@testing-library/dom/node_modules/aria-query
412 silly ADD node_modules/@testing-library/user-event
413 silly ADD node_modules/@testing-library/react
414 silly ADD node_modules/@testing-library/jest-dom
415 silly ADD node_modules/@testing-library/jest-dom/node_modules/has-flag
416 silly ADD node_modules/@testing-library/jest-dom/node_modules/color-name
417 silly ADD node_modules/@testing-library/jest-dom/node_modules/color-convert
418 silly ADD node_modules/@testing-library/jest-dom/node_modules/supports-color
419 silly ADD node_modules/@testing-library/jest-dom/node_modules/ansi-styles
420 silly ADD node_modules/@testing-library/jest-dom/node_modules/chalk
421 silly ADD node_modules/@testing-library/jest-dom/node_modules/aria-query
422 silly ADD
423 timing command:install Completed in 6650ms
424 verbose exit 0
425 timing npm Completed in 6853ms
426 info ok
